{"/Users/jade/workspace/fpp/bnmserver/bnm.js": {"path":"/Users/jade/workspace/fpp/bnmserver/bnm.js","statementMap":{"0":{"start":{"line":16,"column":12},"end":{"line":16,"column":21}},"1":{"start":{"line":17,"column":14},"end":{"line":17,"column":25}},"2":{"start":{"line":19,"column":0},"end":{"line":19,"column":32}},"3":{"start":{"line":20,"column":0},"end":{"line":20,"column":20}},"4":{"start":{"line":22,"column":13},"end":{"line":22,"column":31}},"5":{"start":{"line":23,"column":0},"end":{"line":40,"column":3}},"6":{"start":{"line":24,"column":17},"end":{"line":24,"column":32}},"7":{"start":{"line":25,"column":2},"end":{"line":39,"column":5}},"8":{"start":{"line":27,"column":35},"end":{"line":30,"column":5}},"9":{"start":{"line":33,"column":4},"end":{"line":36,"column":7}},"10":{"start":{"line":34,"column":6},"end":{"line":34,"column":29}},"11":{"start":{"line":35,"column":6},"end":{"line":35,"column":25}},"12":{"start":{"line":38,"column":4},"end":{"line":38,"column":33}},"13":{"start":{"line":42,"column":0},"end":{"line":42,"column":20}},"14":{"start":{"line":44,"column":0},"end":{"line":50,"column":3}},"15":{"start":{"line":45,"column":2},"end":{"line":49,"column":5}},"16":{"start":{"line":46,"column":4},"end":{"line":46,"column":71}},"17":{"start":{"line":46,"column":15},"end":{"line":46,"column":71}},"18":{"start":{"line":48,"column":4},"end":{"line":48,"column":21}},"19":{"start":{"line":53,"column":0},"end":{"line":53,"column":53}},"20":{"start":{"line":55,"column":0},"end":{"line":55,"column":65}},"21":{"start":{"line":57,"column":0},"end":{"line":59,"column":3}},"22":{"start":{"line":58,"column":2},"end":{"line":58,"column":41}},"23":{"start":{"line":62,"column":15},"end":{"line":64,"column":2}},"24":{"start":{"line":63,"column":2},"end":{"line":63,"column":54}},"25":{"start":{"line":66,"column":0},"end":{"line":69,"column":3}},"26":{"start":{"line":68,"column":2},"end":{"line":68,"column":48}},"27":{"start":{"line":71,"column":11},"end":{"line":76,"column":2}},"28":{"start":{"line":85,"column":0},"end":{"line":104,"column":3}},"29":{"start":{"line":88,"column":17},"end":{"line":88,"column":28}},"30":{"start":{"line":89,"column":2},"end":{"line":89,"column":22}},"31":{"start":{"line":91,"column":2},"end":{"line":91,"column":43}},"32":{"start":{"line":94,"column":2},"end":{"line":99,"column":5}},"33":{"start":{"line":96,"column":4},"end":{"line":96,"column":42}},"34":{"start":{"line":98,"column":4},"end":{"line":98,"column":16}},"35":{"start":{"line":101,"column":2},"end":{"line":103,"column":5}},"36":{"start":{"line":102,"column":4},"end":{"line":102,"column":70}}},"fnMap":{"0":{"name":"(anonymous_0)","decl":{"start":{"line":23,"column":22},"end":{"line":23,"column":23}},"loc":{"start":{"line":23,"column":36},"end":{"line":40,"column":1}},"line":23},"1":{"name":"(anonymous_1)","decl":{"start":{"line":25,"column":21},"end":{"line":25,"column":22}},"loc":{"start":{"line":25,"column":36},"end":{"line":39,"column":3}},"line":25},"2":{"name":"(anonymous_2)","decl":{"start":{"line":33,"column":37},"end":{"line":33,"column":38}},"loc":{"start":{"line":33,"column":52},"end":{"line":36,"column":5}},"line":33},"3":{"name":"(anonymous_3)","decl":{"start":{"line":44,"column":23},"end":{"line":44,"column":24}},"loc":{"start":{"line":44,"column":37},"end":{"line":50,"column":1}},"line":44},"4":{"name":"(anonymous_4)","decl":{"start":{"line":45,"column":35},"end":{"line":45,"column":36}},"loc":{"start":{"line":45,"column":58},"end":{"line":49,"column":3}},"line":45},"5":{"name":"(anonymous_5)","decl":{"start":{"line":57,"column":8},"end":{"line":57,"column":9}},"loc":{"start":{"line":57,"column":22},"end":{"line":59,"column":1}},"line":57},"6":{"name":"(anonymous_6)","decl":{"start":{"line":62,"column":32},"end":{"line":62,"column":33}},"loc":{"start":{"line":62,"column":38},"end":{"line":64,"column":1}},"line":62},"7":{"name":"(anonymous_7)","decl":{"start":{"line":66,"column":19},"end":{"line":66,"column":20}},"loc":{"start":{"line":66,"column":25},"end":{"line":69,"column":1}},"line":66},"8":{"name":"(anonymous_8)","decl":{"start":{"line":85,"column":28},"end":{"line":85,"column":29}},"loc":{"start":{"line":85,"column":40},"end":{"line":104,"column":1}},"line":85},"9":{"name":"(anonymous_9)","decl":{"start":{"line":94,"column":21},"end":{"line":94,"column":22}},"loc":{"start":{"line":94,"column":35},"end":{"line":99,"column":3}},"line":94},"10":{"name":"(anonymous_10)","decl":{"start":{"line":101,"column":29},"end":{"line":101,"column":30}},"loc":{"start":{"line":101,"column":41},"end":{"line":103,"column":3}},"line":101}},"branchMap":{"0":{"loc":{"start":{"line":46,"column":4},"end":{"line":46,"column":71}},"type":"if","locations":[{"start":{"line":46,"column":4},"end":{"line":46,"column":71}},{"start":{},"end":{}}],"line":46}},"s":{"0":2,"1":2,"2":2,"3":2,"4":2,"5":2,"6":0,"7":0,"8":0,"9":0,"10":0,"11":0,"12":0,"13":2,"14":2,"15":0,"16":0,"17":0,"18":0,"19":2,"20":2,"21":2,"22":0,"23":2,"24":2,"25":2,"26":2,"27":2,"28":2,"29":1,"30":1,"31":1,"32":1,"33":1,"34":1,"35":1,"36":1},"f":{"0":0,"1":0,"2":0,"3":0,"4":0,"5":0,"6":2,"7":2,"8":1,"9":1,"10":1},"b":{"0":[0,0]},"_coverageSchema":"1a1c01bbd47fc00a2c39e90264f33305004495a9","hash":"ebccb36ac31e7308057e51c5aacf3324a06d580f"}
,"/Users/jade/workspace/fpp/bnmserver/config.js": {"path":"/Users/jade/workspace/fpp/bnmserver/config.js","statementMap":{"0":{"start":{"line":7,"column":0},"end":{"line":7,"column":9}},"1":{"start":{"line":20,"column":4},"end":{"line":20,"column":15}},"2":{"start":{"line":22,"column":26},"end":{"line":22,"column":48}},"3":{"start":{"line":24,"column":22},"end":{"line":33,"column":1}},"4":{"start":{"line":35,"column":25},"end":{"line":38,"column":1}},"5":{"start":{"line":40,"column":24},"end":{"line":49,"column":1}},"6":{"start":{"line":51,"column":27},"end":{"line":73,"column":8}},"7":{"start":{"line":55,"column":5},"end":{"line":73,"column":8}}},"fnMap":{"0":{"name":"(anonymous_0)","decl":{"start":{"line":51,"column":27},"end":{"line":51,"column":28}},"loc":{"start":{"line":55,"column":5},"end":{"line":73,"column":8}},"line":55}},"branchMap":{"0":{"loc":{"start":{"line":54,"column":2},"end":{"line":54,"column":26}},"type":"default-arg","locations":[{"start":{"line":54,"column":9},"end":{"line":54,"column":26}}],"line":54}},"s":{"0":4,"1":4,"2":4,"3":4,"4":4,"5":4,"6":4,"7":1},"f":{"0":1},"b":{"0":[0]},"_coverageSchema":"1a1c01bbd47fc00a2c39e90264f33305004495a9","hash":"afbdb501c3ef5c35b9d84fe1b2bf75b1d930c808"}
,"/Users/jade/workspace/fpp/bnmserver/routes/api.js": {"path":"/Users/jade/workspace/fpp/bnmserver/routes/api.js","statementMap":{"0":{"start":{"line":8,"column":16},"end":{"line":17,"column":1}},"1":{"start":{"line":9,"column":2},"end":{"line":9,"column":29}},"2":{"start":{"line":10,"column":2},"end":{"line":10,"column":20}},"3":{"start":{"line":20,"column":19},"end":{"line":29,"column":1}},"4":{"start":{"line":21,"column":2},"end":{"line":21,"column":38}},"5":{"start":{"line":23,"column":20},"end":{"line":23,"column":30}},"6":{"start":{"line":24,"column":2},"end":{"line":28,"column":3}},"7":{"start":{"line":25,"column":4},"end":{"line":25,"column":24}},"8":{"start":{"line":27,"column":4},"end":{"line":27,"column":32}},"9":{"start":{"line":33,"column":25},"end":{"line":42,"column":1}},"10":{"start":{"line":39,"column":17},"end":{"line":39,"column":32}},"11":{"start":{"line":40,"column":2},"end":{"line":40,"column":30}},"12":{"start":{"line":41,"column":2},"end":{"line":41,"column":19}},"13":{"start":{"line":44,"column":21},"end":{"line":46,"column":1}},"14":{"start":{"line":45,"column":2},"end":{"line":45,"column":28}}},"fnMap":{"0":{"name":"(anonymous_0)","decl":{"start":{"line":8,"column":16},"end":{"line":8,"column":17}},"loc":{"start":{"line":8,"column":30},"end":{"line":17,"column":1}},"line":8},"1":{"name":"(anonymous_1)","decl":{"start":{"line":20,"column":19},"end":{"line":20,"column":20}},"loc":{"start":{"line":20,"column":33},"end":{"line":29,"column":1}},"line":20},"2":{"name":"(anonymous_2)","decl":{"start":{"line":33,"column":25},"end":{"line":33,"column":26}},"loc":{"start":{"line":33,"column":39},"end":{"line":42,"column":1}},"line":33},"3":{"name":"(anonymous_3)","decl":{"start":{"line":44,"column":21},"end":{"line":44,"column":22}},"loc":{"start":{"line":44,"column":35},"end":{"line":46,"column":1}},"line":44}},"branchMap":{"0":{"loc":{"start":{"line":24,"column":2},"end":{"line":28,"column":3}},"type":"if","locations":[{"start":{"line":24,"column":2},"end":{"line":28,"column":3}},{"start":{"line":26,"column":9},"end":{"line":28,"column":3}}],"line":24},"1":{"loc":{"start":{"line":24,"column":6},"end":{"line":24,"column":50}},"type":"binary-expr","locations":[{"start":{"line":24,"column":6},"end":{"line":24,"column":26}},{"start":{"line":24,"column":30},"end":{"line":24,"column":50}}],"line":24}},"s":{"0":2,"1":0,"2":0,"3":2,"4":0,"5":0,"6":0,"7":0,"8":0,"9":2,"10":0,"11":0,"12":0,"13":2,"14":1},"f":{"0":0,"1":0,"2":0,"3":1},"b":{"0":[0,0],"1":[0,0]},"_coverageSchema":"1a1c01bbd47fc00a2c39e90264f33305004495a9","hash":"13518631ecc8806362a8ad0fdd1f57f836a30704"}
,"/Users/jade/workspace/fpp/bnmserver/utils/Redis.js": {"path":"/Users/jade/workspace/fpp/bnmserver/utils/Redis.js","statementMap":{"0":{"start":{"line":9,"column":4},"end":{"line":9,"column":43}},"1":{"start":{"line":10,"column":4},"end":{"line":14,"column":7}},"2":{"start":{"line":21,"column":4},"end":{"line":21,"column":80}},"3":{"start":{"line":21,"column":40},"end":{"line":21,"column":78}},"4":{"start":{"line":30,"column":4},"end":{"line":35,"column":7}},"5":{"start":{"line":31,"column":6},"end":{"line":34,"column":9}},"6":{"start":{"line":32,"column":8},"end":{"line":32,"column":29}},"7":{"start":{"line":32,"column":17},"end":{"line":32,"column":29}},"8":{"start":{"line":33,"column":8},"end":{"line":33,"column":22}},"9":{"start":{"line":39,"column":4},"end":{"line":44,"column":7}},"10":{"start":{"line":40,"column":6},"end":{"line":43,"column":9}},"11":{"start":{"line":41,"column":8},"end":{"line":41,"column":29}},"12":{"start":{"line":41,"column":17},"end":{"line":41,"column":29}},"13":{"start":{"line":42,"column":8},"end":{"line":42,"column":22}},"14":{"start":{"line":48,"column":4},"end":{"line":48,"column":24}},"15":{"start":{"line":52,"column":4},"end":{"line":52,"column":24}}},"fnMap":{"0":{"name":"(anonymous_0)","decl":{"start":{"line":7,"column":2},"end":{"line":7,"column":3}},"loc":{"start":{"line":7,"column":16},"end":{"line":23,"column":3}},"line":7},"1":{"name":"(anonymous_1)","decl":{"start":{"line":10,"column":32},"end":{"line":10,"column":33}},"loc":{"start":{"line":10,"column":38},"end":{"line":14,"column":5}},"line":10},"2":{"name":"(anonymous_2)","decl":{"start":{"line":21,"column":29},"end":{"line":21,"column":30}},"loc":{"start":{"line":21,"column":40},"end":{"line":21,"column":78}},"line":21},"3":{"name":"(anonymous_3)","decl":{"start":{"line":29,"column":2},"end":{"line":29,"column":3}},"loc":{"start":{"line":29,"column":9},"end":{"line":36,"column":3}},"line":29},"4":{"name":"(anonymous_4)","decl":{"start":{"line":30,"column":23},"end":{"line":30,"column":24}},"loc":{"start":{"line":30,"column":44},"end":{"line":35,"column":5}},"line":30},"5":{"name":"(anonymous_5)","decl":{"start":{"line":31,"column":26},"end":{"line":31,"column":27}},"loc":{"start":{"line":31,"column":41},"end":{"line":34,"column":7}},"line":31},"6":{"name":"(anonymous_6)","decl":{"start":{"line":38,"column":2},"end":{"line":38,"column":3}},"loc":{"start":{"line":38,"column":12},"end":{"line":45,"column":3}},"line":38},"7":{"name":"(anonymous_7)","decl":{"start":{"line":39,"column":23},"end":{"line":39,"column":24}},"loc":{"start":{"line":39,"column":44},"end":{"line":44,"column":5}},"line":39},"8":{"name":"(anonymous_8)","decl":{"start":{"line":40,"column":29},"end":{"line":40,"column":30}},"loc":{"start":{"line":40,"column":44},"end":{"line":43,"column":7}},"line":40},"9":{"name":"(anonymous_9)","decl":{"start":{"line":47,"column":2},"end":{"line":47,"column":3}},"loc":{"start":{"line":47,"column":14},"end":{"line":49,"column":3}},"line":47},"10":{"name":"(anonymous_10)","decl":{"start":{"line":51,"column":2},"end":{"line":51,"column":3}},"loc":{"start":{"line":51,"column":8},"end":{"line":53,"column":3}},"line":51}},"branchMap":{"0":{"loc":{"start":{"line":32,"column":8},"end":{"line":32,"column":29}},"type":"if","locations":[{"start":{"line":32,"column":8},"end":{"line":32,"column":29}},{"start":{},"end":{}}],"line":32},"1":{"loc":{"start":{"line":41,"column":8},"end":{"line":41,"column":29}},"type":"if","locations":[{"start":{"line":41,"column":8},"end":{"line":41,"column":29}},{"start":{},"end":{}}],"line":41}},"s":{"0":2,"1":2,"2":2,"3":0,"4":0,"5":0,"6":0,"7":0,"8":0,"9":0,"10":0,"11":0,"12":0,"13":0,"14":2,"15":0},"f":{"0":2,"1":1,"2":0,"3":0,"4":0,"5":0,"6":0,"7":0,"8":0,"9":2,"10":0},"b":{"0":[0,0],"1":[0,0]},"_coverageSchema":"1a1c01bbd47fc00a2c39e90264f33305004495a9","hash":"ece7e5f7189cd1042b628eefe10b76f4f8c4742e"}
,"/Users/jade/workspace/fpp/bnmserver/utils/berryParam.js": {"path":"/Users/jade/workspace/fpp/bnmserver/utils/berryParam.js","statementMap":{"0":{"start":{"line":9,"column":18},"end":{"line":9,"column":58}},"1":{"start":{"line":10,"column":21},"end":{"line":10,"column":29}},"2":{"start":{"line":32,"column":26},"end":{"line":63,"column":1}},"3":{"start":{"line":33,"column":2},"end":{"line":62,"column":3}},"4":{"start":{"line":34,"column":4},"end":{"line":34,"column":24}},"5":{"start":{"line":35,"column":22},"end":{"line":35,"column":42}},"6":{"start":{"line":37,"column":18},"end":{"line":37,"column":45}},"7":{"start":{"line":39,"column":24},"end":{"line":56,"column":6}},"8":{"start":{"line":40,"column":16},"end":{"line":40,"column":44}},"9":{"start":{"line":41,"column":6},"end":{"line":55,"column":7}},"10":{"start":{"line":42,"column":20},"end":{"line":42,"column":52}},"11":{"start":{"line":43,"column":8},"end":{"line":43,"column":53}},"12":{"start":{"line":44,"column":8},"end":{"line":51,"column":9}},"13":{"start":{"line":46,"column":12},"end":{"line":46,"column":34}},"14":{"start":{"line":48,"column":12},"end":{"line":48,"column":32}},"15":{"start":{"line":50,"column":12},"end":{"line":50,"column":33}},"16":{"start":{"line":53,"column":8},"end":{"line":53,"column":32}},"17":{"start":{"line":54,"column":8},"end":{"line":54,"column":35}},"18":{"start":{"line":57,"column":4},"end":{"line":57,"column":49}},"19":{"start":{"line":58,"column":4},"end":{"line":58,"column":34}},"20":{"start":{"line":60,"column":4},"end":{"line":60,"column":38}},"21":{"start":{"line":61,"column":4},"end":{"line":61,"column":21}}},"fnMap":{"0":{"name":"(anonymous_0)","decl":{"start":{"line":32,"column":26},"end":{"line":32,"column":27}},"loc":{"start":{"line":32,"column":43},"end":{"line":63,"column":1}},"line":32},"1":{"name":"(anonymous_1)","decl":{"start":{"line":39,"column":38},"end":{"line":39,"column":39}},"loc":{"start":{"line":39,"column":46},"end":{"line":56,"column":5}},"line":39}},"branchMap":{"0":{"loc":{"start":{"line":41,"column":6},"end":{"line":55,"column":7}},"type":"if","locations":[{"start":{"line":41,"column":6},"end":{"line":55,"column":7}},{"start":{"line":52,"column":13},"end":{"line":55,"column":7}}],"line":41},"1":{"loc":{"start":{"line":44,"column":8},"end":{"line":51,"column":9}},"type":"switch","locations":[{"start":{"line":45,"column":10},"end":{"line":46,"column":34}},{"start":{"line":47,"column":10},"end":{"line":48,"column":32}},{"start":{"line":49,"column":10},"end":{"line":50,"column":33}}],"line":44}},"s":{"0":3,"1":3,"2":3,"3":1,"4":1,"5":1,"6":1,"7":1,"8":5,"9":5,"10":2,"11":2,"12":2,"13":1,"14":1,"15":0,"16":3,"17":3,"18":1,"19":1,"20":0,"21":0},"f":{"0":1,"1":5},"b":{"0":[2,3],"1":[1,1,0]},"_coverageSchema":"1a1c01bbd47fc00a2c39e90264f33305004495a9","hash":"24c5d31c1851b1eede2d939fefddb9a44c740698"}
,"/Users/jade/workspace/fpp/bnmserver/utils/encryptUtils.js": {"path":"/Users/jade/workspace/fpp/bnmserver/utils/encryptUtils.js","statementMap":{"0":{"start":{"line":4,"column":12},"end":{"line":4,"column":46}},"1":{"start":{"line":5,"column":11},"end":{"line":5,"column":60}},"2":{"start":{"line":6,"column":18},"end":{"line":6,"column":31}},"3":{"start":{"line":7,"column":15},"end":{"line":7,"column":23}},"4":{"start":{"line":9,"column":23},"end":{"line":18,"column":1}},"5":{"start":{"line":10,"column":17},"end":{"line":10,"column":51}},"6":{"start":{"line":11,"column":26},"end":{"line":11,"column":45}},"7":{"start":{"line":12,"column":24},"end":{"line":15,"column":21}},"8":{"start":{"line":17,"column":2},"end":{"line":17,"column":50}},"9":{"start":{"line":20,"column":23},"end":{"line":25,"column":1}},"10":{"start":{"line":21,"column":24},"end":{"line":21,"column":48}},"11":{"start":{"line":22,"column":19},"end":{"line":22,"column":75}},"12":{"start":{"line":23,"column":26},"end":{"line":23,"column":58}},"13":{"start":{"line":24,"column":2},"end":{"line":24,"column":71}},"14":{"start":{"line":32,"column":24},"end":{"line":33,"column":66}},"15":{"start":{"line":33,"column":2},"end":{"line":33,"column":66}}},"fnMap":{"0":{"name":"(anonymous_0)","decl":{"start":{"line":9,"column":23},"end":{"line":9,"column":24}},"loc":{"start":{"line":9,"column":33},"end":{"line":18,"column":1}},"line":9},"1":{"name":"(anonymous_1)","decl":{"start":{"line":20,"column":23},"end":{"line":20,"column":24}},"loc":{"start":{"line":20,"column":42},"end":{"line":25,"column":1}},"line":20},"2":{"name":"(anonymous_2)","decl":{"start":{"line":32,"column":24},"end":{"line":32,"column":25}},"loc":{"start":{"line":33,"column":2},"end":{"line":33,"column":66}},"line":33}},"branchMap":{"0":{"loc":{"start":{"line":32,"column":31},"end":{"line":32,"column":49}},"type":"default-arg","locations":[{"start":{"line":32,"column":38},"end":{"line":32,"column":49}}],"line":32}},"s":{"0":3,"1":3,"2":3,"3":3,"4":3,"5":1,"6":1,"7":1,"8":1,"9":3,"10":0,"11":0,"12":0,"13":0,"14":3,"15":0},"f":{"0":1,"1":0,"2":0},"b":{"0":[0]},"_coverageSchema":"1a1c01bbd47fc00a2c39e90264f33305004495a9","hash":"89e72b3307afdc1385df7b41f69501de2185e5dc"}
,"/Users/jade/workspace/fpp/bnmserver/utils/httpUtils.js": {"path":"/Users/jade/workspace/fpp/bnmserver/utils/httpUtils.js","statementMap":{"0":{"start":{"line":8,"column":26},"end":{"line":14,"column":1}},"1":{"start":{"line":9,"column":43},"end":{"line":9,"column":46}},"2":{"start":{"line":10,"column":2},"end":{"line":13,"column":4}},"3":{"start":{"line":16,"column":26},"end":{"line":33,"column":1}},"4":{"start":{"line":17,"column":2},"end":{"line":19,"column":64}},"5":{"start":{"line":18,"column":4},"end":{"line":18,"column":66}},"6":{"start":{"line":19,"column":7},"end":{"line":19,"column":64}},"7":{"start":{"line":21,"column":2},"end":{"line":21,"column":55}},"8":{"start":{"line":26,"column":2},"end":{"line":26,"column":57}},"9":{"start":{"line":27,"column":2},"end":{"line":30,"column":4}},"10":{"start":{"line":32,"column":2},"end":{"line":32,"column":9}},"11":{"start":{"line":35,"column":35},"end":{"line":82,"column":1}},"12":{"start":{"line":36,"column":2},"end":{"line":36,"column":67}},"13":{"start":{"line":37,"column":2},"end":{"line":43,"column":4}},"14":{"start":{"line":45,"column":21},"end":{"line":45,"column":46}},"15":{"start":{"line":46,"column":2},"end":{"line":56,"column":4}},"16":{"start":{"line":58,"column":2},"end":{"line":81,"column":5}},"17":{"start":{"line":59,"column":4},"end":{"line":80,"column":5}},"18":{"start":{"line":70,"column":6},"end":{"line":70,"column":39}},"19":{"start":{"line":71,"column":6},"end":{"line":71,"column":65}},"20":{"start":{"line":73,"column":6},"end":{"line":77,"column":9}},"21":{"start":{"line":79,"column":6},"end":{"line":79,"column":27}}},"fnMap":{"0":{"name":"(anonymous_0)","decl":{"start":{"line":8,"column":26},"end":{"line":8,"column":27}},"loc":{"start":{"line":8,"column":48},"end":{"line":14,"column":1}},"line":8},"1":{"name":"(anonymous_1)","decl":{"start":{"line":16,"column":26},"end":{"line":16,"column":27}},"loc":{"start":{"line":16,"column":46},"end":{"line":33,"column":1}},"line":16},"2":{"name":"(anonymous_2)","decl":{"start":{"line":35,"column":35},"end":{"line":35,"column":36}},"loc":{"start":{"line":35,"column":51},"end":{"line":82,"column":1}},"line":35},"3":{"name":"(anonymous_3)","decl":{"start":{"line":58,"column":20},"end":{"line":58,"column":21}},"loc":{"start":{"line":58,"column":40},"end":{"line":81,"column":3}},"line":58}},"branchMap":{"0":{"loc":{"start":{"line":17,"column":2},"end":{"line":19,"column":64}},"type":"if","locations":[{"start":{"line":17,"column":2},"end":{"line":19,"column":64}},{"start":{"line":19,"column":7},"end":{"line":19,"column":64}}],"line":17}},"s":{"0":3,"1":1,"2":1,"3":3,"4":0,"5":0,"6":0,"7":0,"8":0,"9":0,"10":0,"11":3,"12":2,"13":2,"14":2,"15":2,"16":2,"17":0,"18":0,"19":0,"20":0,"21":0},"f":{"0":1,"1":0,"2":2,"3":0},"b":{"0":[0,0]},"_coverageSchema":"1a1c01bbd47fc00a2c39e90264f33305004495a9","hash":"e206eed3ae859e16d19d5aa87933a89bc00413d1"}
,"/Users/jade/workspace/fpp/bnmserver/utils/mailer.js": {"path":"/Users/jade/workspace/fpp/bnmserver/utils/mailer.js","statementMap":{"0":{"start":{"line":4,"column":20},"end":{"line":32,"column":1}},"1":{"start":{"line":13,"column":16},"end":{"line":13,"column":72}},"2":{"start":{"line":15,"column":2},"end":{"line":31,"column":3}},"3":{"start":{"line":16,"column":19},"end":{"line":23,"column":6}},"4":{"start":{"line":26,"column":4},"end":{"line":26,"column":18}},"5":{"start":{"line":28,"column":4},"end":{"line":28,"column":16}},"6":{"start":{"line":30,"column":4},"end":{"line":30,"column":18}}},"fnMap":{"0":{"name":"(anonymous_0)","decl":{"start":{"line":4,"column":20},"end":{"line":4,"column":21}},"loc":{"start":{"line":12,"column":6},"end":{"line":32,"column":1}},"line":12}},"branchMap":{"0":{"loc":{"start":{"line":13,"column":32},"end":{"line":13,"column":71}},"type":"cond-expr","locations":[{"start":{"line":13,"column":39},"end":{"line":13,"column":60}},{"start":{"line":13,"column":63},"end":{"line":13,"column":71}}],"line":13}},"s":{"0":1,"1":1,"2":1,"3":1,"4":1,"5":0,"6":1},"f":{"0":1},"b":{"0":[0,1]},"_coverageSchema":"1a1c01bbd47fc00a2c39e90264f33305004495a9","hash":"77ddee569d44d8693a41e4c60be1e523ad35dd52"}
,"/Users/jade/workspace/fpp/bnmserver/utils/utils.js": {"path":"/Users/jade/workspace/fpp/bnmserver/utils/utils.js","statementMap":{"0":{"start":{"line":6,"column":26},"end":{"line":12,"column":1}},"1":{"start":{"line":7,"column":17},"end":{"line":7,"column":19}},"2":{"start":{"line":8,"column":2},"end":{"line":10,"column":5}},"3":{"start":{"line":9,"column":4},"end":{"line":9,"column":64}},"4":{"start":{"line":9,"column":50},"end":{"line":9,"column":64}},"5":{"start":{"line":11,"column":2},"end":{"line":11,"column":16}},"6":{"start":{"line":20,"column":24},"end":{"line":26,"column":1}},"7":{"start":{"line":21,"column":19},"end":{"line":21,"column":40}},"8":{"start":{"line":22,"column":2},"end":{"line":22,"column":56}},"9":{"start":{"line":22,"column":23},"end":{"line":22,"column":56}},"10":{"start":{"line":23,"column":12},"end":{"line":23,"column":43}},"11":{"start":{"line":25,"column":2},"end":{"line":25,"column":60}}},"fnMap":{"0":{"name":"(anonymous_0)","decl":{"start":{"line":6,"column":26},"end":{"line":6,"column":27}},"loc":{"start":{"line":6,"column":39},"end":{"line":12,"column":1}},"line":6},"1":{"name":"(anonymous_1)","decl":{"start":{"line":8,"column":15},"end":{"line":8,"column":16}},"loc":{"start":{"line":8,"column":22},"end":{"line":10,"column":3}},"line":8},"2":{"name":"(anonymous_2)","decl":{"start":{"line":20,"column":24},"end":{"line":20,"column":25}},"loc":{"start":{"line":20,"column":43},"end":{"line":26,"column":1}},"line":20}},"branchMap":{"0":{"loc":{"start":{"line":9,"column":40},"end":{"line":9,"column":47}},"type":"binary-expr","locations":[{"start":{"line":9,"column":40},"end":{"line":9,"column":41}},{"start":{"line":9,"column":45},"end":{"line":9,"column":47}}],"line":9},"1":{"loc":{"start":{"line":22,"column":2},"end":{"line":22,"column":56}},"type":"if","locations":[{"start":{"line":22,"column":2},"end":{"line":22,"column":56}},{"start":{},"end":{}}],"line":22},"2":{"loc":{"start":{"line":22,"column":30},"end":{"line":22,"column":55}},"type":"cond-expr","locations":[{"start":{"line":22,"column":36},"end":{"line":22,"column":49}},{"start":{"line":22,"column":52},"end":{"line":22,"column":55}}],"line":22}},"s":{"0":3,"1":2,"2":2,"3":6,"4":10,"5":2,"6":3,"7":8,"8":8,"9":5,"10":3,"11":3},"f":{"0":2,"1":6,"2":8},"b":{"0":[6,2],"1":[5,3],"2":[5,0]},"_coverageSchema":"1a1c01bbd47fc00a2c39e90264f33305004495a9","hash":"deaa05dce3ecc07362fe433156018e82552c2ac8"}
}
