TN:
SF:bnm.js
FN:23,(anonymous_0)
FN:25,(anonymous_1)
FN:33,(anonymous_2)
FN:44,(anonymous_3)
FN:45,(anonymous_4)
FN:57,(anonymous_5)
FN:62,(anonymous_6)
FN:66,(anonymous_7)
FN:85,(anonymous_8)
FN:94,(anonymous_9)
FN:101,(anonymous_10)
FNF:11
FNH:5
FNDA:0,(anonymous_0)
FNDA:0,(anonymous_1)
FNDA:0,(anonymous_2)
FNDA:0,(anonymous_3)
FNDA:0,(anonymous_4)
FNDA:0,(anonymous_5)
FNDA:2,(anonymous_6)
FNDA:2,(anonymous_7)
FNDA:1,(anonymous_8)
FNDA:1,(anonymous_9)
FNDA:1,(anonymous_10)
DA:16,2
DA:17,2
DA:19,2
DA:20,2
DA:22,2
DA:23,2
DA:24,0
DA:25,0
DA:27,0
DA:33,0
DA:34,0
DA:35,0
DA:38,0
DA:42,2
DA:44,2
DA:45,0
DA:46,0
DA:48,0
DA:53,2
DA:55,2
DA:57,2
DA:58,0
DA:62,2
DA:63,2
DA:66,2
DA:68,2
DA:71,2
DA:85,2
DA:88,1
DA:89,1
DA:91,1
DA:94,1
DA:96,1
DA:98,1
DA:101,1
DA:102,1
LF:36
LH:25
BRDA:46,0,0,0
BRDA:46,0,1,0
BRF:2
BRH:0
end_of_record
TN:
SF:config.js
FN:51,(anonymous_0)
FNF:1
FNH:1
FNDA:1,(anonymous_0)
DA:7,4
DA:20,4
DA:22,4
DA:24,4
DA:35,4
DA:40,4
DA:51,4
DA:55,1
LF:8
LH:8
BRDA:54,0,0,0
BRF:1
BRH:0
end_of_record
TN:
SF:routes/api.js
FN:8,(anonymous_0)
FN:20,(anonymous_1)
FN:33,(anonymous_2)
FN:44,(anonymous_3)
FNF:4
FNH:1
FNDA:0,(anonymous_0)
FNDA:0,(anonymous_1)
FNDA:0,(anonymous_2)
FNDA:1,(anonymous_3)
DA:8,2
DA:9,0
DA:10,0
DA:20,2
DA:21,0
DA:23,0
DA:24,0
DA:25,0
DA:27,0
DA:33,2
DA:39,0
DA:40,0
DA:41,0
DA:44,2
DA:45,1
LF:15
LH:5
BRDA:24,0,0,0
BRDA:24,0,1,0
BRDA:24,1,0,0
BRDA:24,1,1,0
BRF:4
BRH:0
end_of_record
TN:
SF:utils/Redis.js
FN:7,(anonymous_0)
FN:10,(anonymous_1)
FN:21,(anonymous_2)
FN:29,(anonymous_3)
FN:30,(anonymous_4)
FN:31,(anonymous_5)
FN:38,(anonymous_6)
FN:39,(anonymous_7)
FN:40,(anonymous_8)
FN:47,(anonymous_9)
FN:51,(anonymous_10)
FNF:11
FNH:3
FNDA:2,(anonymous_0)
FNDA:1,(anonymous_1)
FNDA:0,(anonymous_2)
FNDA:0,(anonymous_3)
FNDA:0,(anonymous_4)
FNDA:0,(anonymous_5)
FNDA:0,(anonymous_6)
FNDA:0,(anonymous_7)
FNDA:0,(anonymous_8)
FNDA:2,(anonymous_9)
FNDA:0,(anonymous_10)
DA:9,2
DA:10,2
DA:21,2
DA:30,0
DA:31,0
DA:32,0
DA:33,0
DA:39,0
DA:40,0
DA:41,0
DA:42,0
DA:48,2
DA:52,0
LF:13
LH:4
BRDA:32,0,0,0
BRDA:32,0,1,0
BRDA:41,1,0,0
BRDA:41,1,1,0
BRF:4
BRH:0
end_of_record
TN:
SF:utils/berryParam.js
FN:32,(anonymous_0)
FN:39,(anonymous_1)
FNF:2
FNH:2
FNDA:1,(anonymous_0)
FNDA:5,(anonymous_1)
DA:9,3
DA:10,3
DA:32,3
DA:33,1
DA:34,1
DA:35,1
DA:37,1
DA:39,1
DA:40,5
DA:41,5
DA:42,2
DA:43,2
DA:44,2
DA:46,1
DA:48,1
DA:50,0
DA:53,3
DA:54,3
DA:57,1
DA:58,1
DA:60,0
DA:61,0
LF:22
LH:19
BRDA:41,0,0,2
BRDA:41,0,1,3
BRDA:44,1,0,1
BRDA:44,1,1,1
BRDA:44,1,2,0
BRF:5
BRH:4
end_of_record
TN:
SF:utils/encryptUtils.js
FN:9,(anonymous_0)
FN:20,(anonymous_1)
FN:32,(anonymous_2)
FNF:3
FNH:1
FNDA:1,(anonymous_0)
FNDA:0,(anonymous_1)
FNDA:0,(anonymous_2)
DA:4,3
DA:5,3
DA:6,3
DA:7,3
DA:9,3
DA:10,1
DA:11,1
DA:12,1
DA:17,1
DA:20,3
DA:21,0
DA:22,0
DA:23,0
DA:24,0
DA:32,3
DA:33,0
LF:16
LH:11
BRDA:32,0,0,0
BRF:1
BRH:0
end_of_record
TN:
SF:utils/httpUtils.js
FN:8,(anonymous_0)
FN:16,(anonymous_1)
FN:35,(anonymous_2)
FN:58,(anonymous_3)
FNF:4
FNH:2
FNDA:1,(anonymous_0)
FNDA:0,(anonymous_1)
FNDA:2,(anonymous_2)
FNDA:0,(anonymous_3)
DA:8,3
DA:9,1
DA:10,1
DA:16,3
DA:17,0
DA:18,0
DA:19,0
DA:21,0
DA:26,0
DA:27,0
DA:32,0
DA:35,3
DA:36,2
DA:37,2
DA:45,2
DA:46,2
DA:58,2
DA:59,0
DA:70,0
DA:71,0
DA:73,0
DA:79,0
LF:22
LH:10
BRDA:17,0,0,0
BRDA:17,0,1,0
BRF:2
BRH:0
end_of_record
TN:
SF:utils/mailer.js
FN:4,(anonymous_0)
FNF:1
FNH:1
FNDA:1,(anonymous_0)
DA:4,1
DA:13,1
DA:15,1
DA:16,1
DA:26,1
DA:28,0
DA:30,1
LF:7
LH:6
BRDA:13,0,0,0
BRDA:13,0,1,1
BRF:2
BRH:1
end_of_record
TN:
SF:utils/utils.js
FN:6,(anonymous_0)
FN:8,(anonymous_1)
FN:20,(anonymous_2)
FNF:3
FNH:3
FNDA:2,(anonymous_0)
FNDA:6,(anonymous_1)
FNDA:8,(anonymous_2)
DA:6,3
DA:7,2
DA:8,2
DA:9,10
DA:11,2
DA:20,3
DA:21,8
DA:22,8
DA:23,3
DA:25,3
LF:10
LH:10
BRDA:9,0,0,6
BRDA:9,0,1,2
BRDA:22,1,0,5
BRDA:22,1,1,3
BRDA:22,2,0,5
BRDA:22,2,1,0
BRF:6
BRH:5
end_of_record
